[debug] [2021-10-29T08:59:38.795Z] ----------------------------------------------------------------------
[debug] [2021-10-29T08:59:38.797Z] Command:       C:\Program Files\nodejs\node.exe C:\Users\tbhni\AppData\Roaming\npm\node_modules\firebase-tools\lib\bin\firebase.js init
[debug] [2021-10-29T08:59:38.797Z] CLI Version:   9.21.0
[debug] [2021-10-29T08:59:38.797Z] Platform:      win32
[debug] [2021-10-29T08:59:38.797Z] Node Version:  v16.10.0
[debug] [2021-10-29T08:59:38.798Z] Time:          Fri Oct 29 2021 14:59:38 GMT+0600 (Bangladesh Standard Time)
[debug] [2021-10-29T08:59:38.798Z] ----------------------------------------------------------------------
[debug] 
[debug] [2021-10-29T08:59:38.800Z] >>> [apiv2][query] GET https://firebase-public.firebaseio.com/cli.json [none]
[debug] [2021-10-29T08:59:38.821Z] > command requires scopes: ["email","openid","https://www.googleapis.com/auth/cloudplatformprojects.readonly","https://www.googleapis.com/auth/firebase","https://www.googleapis.com/auth/cloud-platform"]
[debug] [2021-10-29T08:59:38.821Z] > authorizing via signed-in user (tbh.nishat@gmail.com)
[info] 
     ######## #### ########  ######## ########     ###     ######  ########
     ##        ##  ##     ## ##       ##     ##  ##   ##  ##       ##
     ######    ##  ########  ######   ########  #########  ######  ######
     ##        ##  ##    ##  ##       ##     ## ##     ##       ## ##
     ##       #### ##     ## ######## ########  ##     ##  ######  ########

You're about to initialize a Firebase project in this directory:

  E:\web\COURSE\node\travelo

[debug] [2021-10-29T08:59:39.770Z] <<< [apiv2][status] GET https://firebase-public.firebaseio.com/cli.json 200
[debug] [2021-10-29T08:59:39.770Z] <<< [apiv2][body] GET https://firebase-public.firebaseio.com/cli.json {"cloudBuildErrorAfter":1594252800000,"cloudBuildWarnAfter":1590019200000,"defaultNode10After":1594252800000,"minVersion":"3.0.5","node8DeploysDisabledAfter":1613390400000,"node8RuntimeDisabledAfter":1615809600000,"node8WarnAfter":1600128000000}
